  Game.cpp
E:\Tobias\Projects\c++\simpleEngine\Game.cpp(103,38): warning C4244: '=': conversion from 'int' to 'float', possible loss of data
E:\Tobias\Projects\c++\simpleEngine\Game.cpp(109,38): warning C4244: '=': conversion from 'int' to 'float', possible loss of data
E:\Tobias\Projects\c++\simpleEngine\Game.cpp(285,84): warning C4244: 'argument': conversion from 'T' to 'float', possible loss of data
          with
          [
              T=int
          ]
E:\Tobias\Projects\c++\simpleEngine\Game.cpp(285,48): warning C4244: 'argument': conversion from 'T' to 'float', possible loss of data
          with
          [
              T=int
          ]
E:\Tobias\Projects\c++\simpleEngine\Game.cpp(295,44): warning C4244: 'argument': conversion from 'int' to 'float', possible loss of data
E:\Tobias\Projects\c++\simpleEngine\Game.cpp(295,22): warning C4244: 'argument': conversion from 'int' to 'float', possible loss of data
E:\Tobias\Projects\c++\simpleEngine\Game.cpp(296,32): warning C4244: 'argument': conversion from 'int' to 'float', possible loss of data
E:\Tobias\Projects\c++\simpleEngine\Game.cpp(296,19): warning C4244: 'argument': conversion from 'int' to 'float', possible loss of data
E:\Programme\Visual Studio Community\2022\VC\Tools\MSVC\14.33.31629\include\xutility(238,77): warning C4244: 'argument': conversion from '_Ty' to 'float', possible loss of data
          with
          [
              _Ty=int
          ]
E:\Programme\Visual Studio Community\2022\VC\Tools\MSVC\14.33.31629\include\memory(2022): message : see reference to function template instantiation 'void std::_Construct_in_place<_Ty,int,int,sf::Color&,sf::Color&,int,Vec2&>(_Ty &,int &&,int &&,sf::Color &,sf::Color &,int &&,Vec2 &) noexcept(false)' being compiled
          with
          [
              _Ty=CShape
          ]
E:\Programme\Visual Studio Community\2022\VC\Tools\MSVC\14.33.31629\include\memory(2741): message : see reference to function template instantiation 'std::_Ref_count_obj2<CShape>::_Ref_count_obj2<_Ty,_Ty,sf::Color&,sf::Color&,_Ty,Vec2&>(_Ty &&,_Ty &&,sf::Color &,sf::Color &,_Ty &&,Vec2 &)' being compiled
          with
          [
              _Ty=int
          ]
E:\Programme\Visual Studio Community\2022\VC\Tools\MSVC\14.33.31629\include\memory(2742): message : see reference to function template instantiation 'std::_Ref_count_obj2<CShape>::_Ref_count_obj2<_Ty,_Ty,sf::Color&,sf::Color&,_Ty,Vec2&>(_Ty &&,_Ty &&,sf::Color &,sf::Color &,_Ty &&,Vec2 &)' being compiled
          with
          [
              _Ty=int
          ]
E:\Tobias\Projects\c++\simpleEngine\Game.cpp(25): message : see reference to function template instantiation 'std::shared_ptr<CShape> std::make_shared<CShape,int,int,sf::Color&,sf::Color&,int,Vec2&>(int &&,int &&,sf::Color &,sf::Color &,int &&,Vec2 &)' being compiled
  simpleEngine.vcxproj -> E:\Tobias\Projects\c++\simpleEngine\x64\Debug\simpleEngine.exe
